<?xml version="1.0" encoding="UTF-8"?>
<!-- Generated by org.testng.reporters.JUnitReportReporter -->
<testsuite hostname="LAPTOP-JRMDTEH4" name="IBM.AppiumFramework.KhanAcademy" tests="1" failures="0" timestamp="5 Jun 2021 09:45:06 GMT" time="134.602" errors="0">
  <testcase name="validateKhanAcademy" time="134.602" classname="IBM.AppiumFramework.KhanAcademy"/>
</testsuite> <!-- IBM.AppiumFramework.KhanAcademy -->
